<?xml version="1.0" encoding="UTF-8"?>
<!-- Generated by org.testng.reporters.JUnitReportReporter -->
<testsuite skipped="0" hostname="egain1277" name="com.crm.qa.testCases.LoginPageTest" tests="3" failures="0" timestamp="05 Oct 2018 06:17:39 GMT" time="31.780" errors="0">
  <testcase name="loginPageTitleTest" time="7.970" classname="com.crm.qa.testCases.LoginPageTest"/>
  <testcase name="CRMImageTest" time="9.254" classname="com.crm.qa.testCases.LoginPageTest"/>
  <testcase name="logInTest" time="14.556" classname="com.crm.qa.testCases.LoginPageTest"/>
</testsuite> <!-- com.crm.qa.testCases.LoginPageTest -->
