<?xml version="1.0" encoding="UTF-8"?>
<!-- Generated by org.testng.reporters.JUnitReportReporter -->
<testsuite skipped="0" hostname="egain1277" name="com.crm.qa.testCases.HomePageTest" tests="3" failures="0" timestamp="05 Oct 2018 06:17:39 GMT" time="47.684" errors="0">
  <testcase name="verifyHomePageTitleTest" time="15.195" classname="com.crm.qa.testCases.HomePageTest"/>
  <testcase name="verifyLoggedinUserNameTest" time="17.057" classname="com.crm.qa.testCases.HomePageTest"/>
  <testcase name="verifyContactsLinkTest" time="15.432" classname="com.crm.qa.testCases.HomePageTest"/>
</testsuite> <!-- com.crm.qa.testCases.HomePageTest -->
