<?xml version="1.0" encoding="UTF-8"?>
<!-- Generated by org.testng.reporters.JUnitReportReporter -->
<testsuite skipped="1" hostname="egain1277" name="com.crm.qa.testCases.ContactsPageTest" tests="4" failures="0" timestamp="05 Oct 2018 06:17:39 GMT" time="63.923" errors="0">
  <testcase name="verifyCreateNewContactsTest" time="20.690" classname="com.crm.qa.testCases.ContactsPageTest"/>
  <testcase name="verifyCreateNewContactsTest" time="20.713" classname="com.crm.qa.testCases.ContactsPageTest"/>
  <testcase name="verifyCreateNewContactsTest" time="22.520" classname="com.crm.qa.testCases.ContactsPageTest"/>
  <testcase name="verifyContactsLabelTest" classname="com.crm.qa.testCases.ContactsPageTest">
    <skipped/>
  </testcase> <!-- verifyContactsLabelTest -->
</testsuite> <!-- com.crm.qa.testCases.ContactsPageTest -->
