<?xml version="1.0" encoding="UTF-8"?>
<!-- Generated by org.testng.reporters.JUnitReportReporter -->
<testsuite hostname="egain1277" name="com.crm.qa.testCases.LoginPageTest" tests="3" failures="0" timestamp="5 Oct 2018 07:09:00 GMT" time="28.707" errors="0">
  <testcase name="logInTest" time="12.884" classname="com.crm.qa.testCases.LoginPageTest"/>
  <testcase name="loginPageTitleTest" time="7.907" classname="com.crm.qa.testCases.LoginPageTest"/>
  <testcase name="CRMImageTest" time="7.916" classname="com.crm.qa.testCases.LoginPageTest"/>
</testsuite> <!-- com.crm.qa.testCases.LoginPageTest -->
