<?xml version="1.0" encoding="UTF-8"?>
<!-- Generated by org.testng.reporters.JUnitReportReporter -->
<testsuite hostname="egain1277" name="com.crm.qa.testCases.HomePageTest" tests="3" failures="0" timestamp="5 Oct 2018 07:09:00 GMT" time="49.421" errors="0">
  <testcase name="verifyContactsLinkTest" time="20.063" classname="com.crm.qa.testCases.HomePageTest"/>
  <testcase name="verifyHomePageTitleTest" time="13.522" classname="com.crm.qa.testCases.HomePageTest"/>
  <testcase name="verifyLoggedinUserNameTest" time="15.836" classname="com.crm.qa.testCases.HomePageTest"/>
</testsuite> <!-- com.crm.qa.testCases.HomePageTest -->
